\BOOKMARK [0][-]{chapter.1}{Introducci\363n}{}% 1
\BOOKMARK [1][-]{section.1.1}{Presentaci\363n}{chapter.1}% 2
\BOOKMARK [1][-]{section.1.2}{El proyecto}{chapter.1}% 3
\BOOKMARK [2][-]{subsection.1.2.1}{Objetivos}{section.1.2}% 4
\BOOKMARK [2][-]{subsection.1.2.2}{Centro de Investigaci\363n Pedag\363gica}{section.1.2}% 5
\BOOKMARK [2][-]{subsection.1.2.3}{Seminario Permanente}{section.1.2}% 6
\BOOKMARK [2][-]{subsection.1.2.4}{La Escuela}{section.1.2}% 7
\BOOKMARK [0][-]{chapter.2}{Valores del Proyecto}{}% 8
\BOOKMARK [1][-]{section.2.1}{Democracia}{chapter.2}% 9
\BOOKMARK [1][-]{section.2.2}{Felicidad \(a trav\351s de la formaci\363n integral\)}{chapter.2}% 10
\BOOKMARK [1][-]{section.2.3}{Actitud de exploraci\363n}{chapter.2}% 11
\BOOKMARK [1][-]{section.2.4}{Disciplina}{chapter.2}% 12
\BOOKMARK [0][-]{chapter.3}{Modelo Educativo}{}% 13
\BOOKMARK [1][-]{section.3.1}{Las actividades}{chapter.3}% 14
\BOOKMARK [2][-]{subsection.3.1.1}{Nuestro Maestros:}{section.3.1}% 15
\BOOKMARK [0][-]{chapter.4}{Socializaci\363n}{}% 16
\BOOKMARK [0][-]{chapter.5}{Plan de Negocios}{}% 17
\BOOKMARK [1][-]{section.5.1}{Planeaci\363n Estrat\351gica}{chapter.5}% 18
\BOOKMARK [1][-]{section.5.2}{Descripci\363n del Negocio}{chapter.5}% 19
\BOOKMARK [1][-]{section.5.3}{An\341lisis del Mercado}{chapter.5}% 20
\BOOKMARK [2][-]{subsection.5.3.1}{Situaci\363n de Tequisquiapan}{section.5.3}% 21
\BOOKMARK [2][-]{subsection.5.3.2}{Competencia}{section.5.3}% 22
\BOOKMARK [1][-]{section.5.4}{Producto, Precio, Plaza y Promoci\363n}{chapter.5}% 23
\BOOKMARK [2][-]{subsection.5.4.1}{Producto}{section.5.4}% 24
\BOOKMARK [2][-]{subsection.5.4.2}{Precio}{section.5.4}% 25
\BOOKMARK [2][-]{subsection.5.4.3}{Plaza}{section.5.4}% 26
\BOOKMARK [2][-]{subsection.5.4.4}{Promoci\363n}{section.5.4}% 27
\BOOKMARK [0][-]{chapter.6}{Modelo de negocio}{}% 28
\BOOKMARK [1][-]{section.6.1}{Introducci\363n}{chapter.6}% 29
\BOOKMARK [1][-]{section.6.2}{Sobre el trabajo en Semilla}{chapter.6}% 30
\BOOKMARK [1][-]{section.6.3}{Sobre las Colegiaturas y las Becas}{chapter.6}% 31
\BOOKMARK [1][-]{section.6.4}{Factibilidad del Modelo de Negocios: Ejercicio Anual Financiero Primaria}{chapter.6}% 32
\BOOKMARK [1][-]{section.6.5}{Crecimiento y Punto de Equilibrio}{chapter.6}% 33
\BOOKMARK [1][-]{section.6.6}{Inversi\363n y ROI}{chapter.6}% 34
\BOOKMARK [2][-]{subsection.6.6.1}{Escenario Renta}{section.6.6}% 35
\BOOKMARK [2][-]{subsection.6.6.2}{Escenario Compra}{section.6.6}% 36
\BOOKMARK [0][-]{chapter.7}{Anexos}{}% 37
\BOOKMARK [1][-]{section.7.1}{Sobre la forma de publicitar}{chapter.7}% 38
\BOOKMARK [2][-]{subsection.7.1.1}{Democracia}{section.7.1}% 39
